<?xml version="1.0" encoding="UTF-8"?>
<!-- Generated by org.testng.reporters.JUnitXMLReporter -->
<testsuite ignored="2" hostname="MacBook-Air.local" failures="1" tests="4" name="Test" time="219.104" errors="0" timestamp="2026-09-19T16:18:38 IST">
  <testcase classname="com.test.AmazTest" name="serch_For_Mobiles" time="88.726"/>
  <testcase classname="com.test.AmazTest" name="clickOnMobile" time="36.798"/>
  <testcase classname="com.test.AmazTest" name="vrifyCart" time="60.232"/>
  <testcase classname="com.test.AmazTest" name="verifyTotalAmount" time="33.082">
    <failure type="org.openqa.selenium.ElementClickInterceptedException" message="element click intercepted: Element is not clickable at point (1406, -15)
  (Session info: chrome=153.0.8010.48)
Build info: version: &amp;apos;4.12.1&amp;apos;, revision: &amp;apos;8e34639b11&amp;apos;
System info: os.name: &amp;apos;Mac OS X&amp;apos;, os.arch: &amp;apos;x86_64&amp;apos;, os.version: &amp;apos;26.3.1&amp;apos;, java.version: &amp;apos;22.0.2&amp;apos;
Driver info: org.openqa.selenium.chrome.ChromeDriver
Command: [75efc4e690299bbeffa396877ec25cf8, clickElement {id=f.370AFA4864021733345E970FD6B03533.d.0E429AD4C2FB068EC53C332E910F7E55.e.3492}]
Capabilities {acceptInsecureCerts: false, browserName: chrome, browserVersion: 153.0.8010.48, chrome: {chromedriverVersion: 153.0.8010.52 (78e5e45d4bb4..., userDataDir: /var/folders/0p/cn101h194qz...}, fedcm:accounts: true, goog:chromeOptions: {debuggerAddress: localhost:57670}, goog:processID: 3391, networkConnectionEnabled: false, pageLoadStrategy: normal, platformName: mac, proxy: Proxy(), se:cdp: ws://localhost:57670/devtoo..., se:cdpVersion: 153.0.8010.48, setWindowRect: true, strictFileInteractability: false, timeouts: {implicit: 0, pageLoad: 300000, script: 30000}, unhandledPromptBehavior: dismiss and notify, webauthn:extension:cmtgKey: true, webauthn:extension:credBlob: true, webauthn:extension:largeBlob: true, webauthn:extension:minPinLength: true, webauthn:extension:prf: true, webauthn:virtualAuthenticators: true}
Element: [[ChromeDriver: chrome on mac (75efc4e690299bbeffa396877ec25cf8)] -&amp;gt; xpath: //span[@id=&amp;apos;nav-cart-count&amp;apos;]]
Session ID: 75efc4e690299bbeffa396877ec25cf8">
      <![CDATA[org.openqa.selenium.ElementClickInterceptedException: element click intercepted: Element is not clickable at point (1406, -15)
  (Session info: chrome=153.0.8010.48)
Build info: version: '4.12.1', revision: '8e34639b11'
System info: os.name: 'Mac OS X', os.arch: 'x86_64', os.version: '26.3.1', java.version: '22.0.2'
Driver info: org.openqa.selenium.chrome.ChromeDriver
Command: [75efc4e690299bbeffa396877ec25cf8, clickElement {id=f.370AFA4864021733345E970FD6B03533.d.0E429AD4C2FB068EC53C332E910F7E55.e.3492}]
Capabilities {acceptInsecureCerts: false, browserName: chrome, browserVersion: 153.0.8010.48, chrome: {chromedriverVersion: 153.0.8010.52 (78e5e45d4bb4..., userDataDir: /var/folders/0p/cn101h194qz...}, fedcm:accounts: true, goog:chromeOptions: {debuggerAddress: localhost:57670}, goog:processID: 3391, networkConnectionEnabled: false, pageLoadStrategy: normal, platformName: mac, proxy: Proxy(), se:cdp: ws://localhost:57670/devtoo..., se:cdpVersion: 153.0.8010.48, setWindowRect: true, strictFileInteractability: false, timeouts: {implicit: 0, pageLoad: 300000, script: 30000}, unhandledPromptBehavior: dismiss and notify, webauthn:extension:cmtgKey: true, webauthn:extension:credBlob: true, webauthn:extension:largeBlob: true, webauthn:extension:minPinLength: true, webauthn:extension:prf: true, webauthn:virtualAuthenticators: true}
Element: [[ChromeDriver: chrome on mac (75efc4e690299bbeffa396877ec25cf8)] -> xpath: //span[@id='nav-cart-count']]
Session ID: 75efc4e690299bbeffa396877ec25cf8
at org.openqa.selenium.remote.codec.w3c.W3CHttpResponseCodec.createException(W3CHttpResponseCodec.java:200)
at org.openqa.selenium.remote.codec.w3c.W3CHttpResponseCodec.decode(W3CHttpResponseCodec.java:133)
at org.openqa.selenium.remote.codec.w3c.W3CHttpResponseCodec.decode(W3CHttpResponseCodec.java:52)
at org.openqa.selenium.remote.HttpCommandExecutor.execute(HttpCommandExecutor.java:191)
at org.openqa.selenium.remote.service.DriverCommandExecutor.invokeExecute(DriverCommandExecutor.java:196)
at org.openqa.selenium.remote.service.DriverCommandExecutor.execute(DriverCommandExecutor.java:171)
at org.openqa.selenium.remote.RemoteWebDriver.execute(RemoteWebDriver.java:602)
at org.openqa.selenium.remote.RemoteWebElement.execute(RemoteWebElement.java:224)
at org.openqa.selenium.remote.RemoteWebElement.click(RemoteWebElement.java:77)
at org.openqa.selenium.support.pagefactory.internal.LocatingElementHandler.invoke(LocatingElementHandler.java:51)
at jdk.proxy2/jdk.proxy2.$Proxy36.click(Unknown Source)
at com.base.BasePage.click(BasePage.java:38)
at com.pages.AmazonPage.clickOnCartIcon(AmazonPage.java:337)
at com.test.AmazTest.verifyTotalAmount(AmazTest.java:45)
at java.base/java.util.ArrayList.forEach(ArrayList.java:1597)
... Removed 30 stack frames]]>
    </failure>
  </testcase> <!-- verifyTotalAmount -->
  <testcase classname="com.test.AmazTest" name="failTest" time="0.0">
    <ignored/>
  </testcase> <!-- failTest -->
  <testcase classname="com.test.AmazTest" name="skipTest" time="0.0">
    <ignored/>
  </testcase> <!-- skipTest -->
</testsuite> <!-- Test -->
