<?xml version="1.0" encoding="UTF-8"?>
<testsuite xmlns:xsi="http://www.w3.org/2001/XMLSchema-instance" xsi:noNamespaceSchemaLocation="https://maven.apache.org/surefire/maven-surefire-plugin/xsd/surefire-test-report-3.0.xsd" version="3.0" name="TestSuite" time="92.481" tests="1" errors="0" skipped="0" failures="0">
  <properties>
[...]
</properties>
  <testcase name="loginWithValidUserNameAndValidPassword" classname="com.test.AmazTest" time="81.623">
    <system-out><![CDATA[[[ChromeDriver: chrome on mac (7be8abac8ce366fa0d53b9b5a9c805d8)] -> xpath: //div[@class='a-section a-spacing-small a-spacing-top-small']/descendant::h2/child::span[contains(text(),'Samsung')]]
[[ChromeDriver: chrome on mac (7be8abac8ce366fa0d53b9b5a9c805d8)] -> xpath: //div[@class='a-section a-spacing-small a-spacing-top-small']/descendant::h2/child::span[contains(text(),'Samsung')]]
[[ChromeDriver: chrome on mac (7be8abac8ce366fa0d53b9b5a9c805d8)] -> xpath: //div[@class='a-section a-spacing-small a-spacing-top-small']/descendant::h2/child::span[contains(text(),'Samsung')]]
[[ChromeDriver: chrome on mac (7be8abac8ce366fa0d53b9b5a9c805d8)] -> xpath: //div[@class='a-section a-spacing-small a-spacing-top-small']/descendant::h2/child::span[contains(text(),'Samsung')]]
[[ChromeDriver: chrome on mac (7be8abac8ce366fa0d53b9b5a9c805d8)] -> xpath: //div[@class='a-section a-spacing-small a-spacing-top-small']/descendant::h2/child::span[contains(text(),'Samsung')]]
[[ChromeDriver: chrome on mac (7be8abac8ce366fa0d53b9b5a9c805d8)] -> xpath: //div[@class='a-section a-spacing-small a-spacing-top-small']/descendant::h2/child::span[contains(text(),'Samsung')]]
iPhone 17 Pro 256 GB: 15.93 cm (6.3″) Display with Promotion up to 120Hz, A19 Pro Chip, Breakthrough Battery Life, Pro Fusion Camera System with Center Stage Front Camera; Cosmic Orange
]]></system-out>
    <system-err><![CDATA[SLF4J(W): No SLF4J providers were found.
SLF4J(W): Defaulting to no-operation (NOP) logger implementation
SLF4J(W): See https://www.slf4j.org/codes.html#noProviders for further details.
Feb 15, 2026 12:47:10 PM org.openqa.selenium.devtools.CdpVersionFinder findNearestMatch
WARNING: Unable to find CDP implementation matching 144
Feb 15, 2026 12:47:10 PM org.openqa.selenium.chromium.ChromiumDriver lambda$new$5
WARNING: Unable to find version of CDP to use for 144.0.7559.133. You may need to include a dependency on a specific version of the CDP using something similar to `org.seleniumhq.selenium:selenium-devtools-v86:4.12.1` where the version ("v86") matches the version of the chromium-based browser you're using and the version number of the artifact is the same as Selenium's.
]]></system-err>
  </testcase>
</testsuite>