<?xml version="1.0" encoding="UTF-8"?>
<testng-results ignored="0" total="1" passed="1" failed="0" skipped="0">
  <reporter-output>
  </reporter-output>
  <suite started-at="2026-02-15T12:47:13 IST" name="Suite" finished-at="2026-02-15T12:48:35 IST" duration-ms="81806">
    <groups>
    </groups>
    <test started-at="2026-02-15T12:47:13 IST" name="Test" finished-at="2026-02-15T12:48:35 IST" duration-ms="81806">
      <class name="com.test.AmazTest">
        <test-method is-config="true" signature="setUP()[pri:0, instance:com.test.AmazTest@1afdd473]" started-at="2026-02-15T12:47:04 IST" name="setUP" finished-at="2026-02-15T12:47:13 IST" duration-ms="8960" status="PASS">
          <reporter-output>
          </reporter-output>
        </test-method> <!-- setUP -->
        <test-method signature="loginWithValidUserNameAndValidPassword()[pri:0, instance:com.test.AmazTest@1afdd473]" started-at="2026-02-15T12:47:13 IST" name="loginWithValidUserNameAndValidPassword" finished-at="2026-02-15T12:48:35 IST" duration-ms="81618" status="PASS">
          <reporter-output>
          </reporter-output>
        </test-method> <!-- loginWithValidUserNameAndValidPassword -->
        <test-method is-config="true" signature="tearDown()[pri:0, instance:com.test.AmazTest@1afdd473]" started-at="2026-02-15T12:48:35 IST" name="tearDown" finished-at="2026-02-15T12:48:35 IST" duration-ms="168" status="PASS">
          <reporter-output>
          </reporter-output>
        </test-method> <!-- tearDown -->
      </class> <!-- com.test.AmazTest -->
    </test> <!-- Test -->
  </suite> <!-- Suite -->
</testng-results>
