<?xml version="1.0" encoding="UTF-8"?>
<testng-results ignored="2" total="6" passed="4" failed="0" skipped="0">
  <reporter-output>
  </reporter-output>
  <suite started-at="2026-04-03T21:15:03 IST" name="Suite" finished-at="2026-04-03T21:19:11 IST" duration-ms="248356">
    <groups>
    </groups>
    <test started-at="2026-04-03T21:15:03 IST" name="Test" finished-at="2026-04-03T21:19:11 IST" duration-ms="248356">
      <class name="com.test.AmazTest">
        <test-method is-config="true" signature="setUP()[pri:0, instance:com.test.AmazTest@56f0cc85]" started-at="2026-04-03T21:14:53 IST" name="setUP" finished-at="2026-04-03T21:15:03 IST" duration-ms="9848" status="PASS">
          <reporter-output>
          </reporter-output>
        </test-method> <!-- setUP -->
        <test-method signature="serch_For_Mobiles()[pri:1, instance:com.test.AmazTest@56f0cc85]" started-at="2026-04-03T21:15:03 IST" name="serch_For_Mobiles" finished-at="2026-04-03T21:16:40 IST" duration-ms="97681" status="PASS">
          <reporter-output>
          </reporter-output>
        </test-method> <!-- serch_For_Mobiles -->
        <test-method signature="clickOnMobile()[pri:2, instance:com.test.AmazTest@56f0cc85]" started-at="2026-04-03T21:16:40 IST" name="clickOnMobile" finished-at="2026-04-03T21:17:27 IST" depends-on-methods="com.test.AmazTest.serch_For_Mobiles" duration-ms="46282" status="PASS">
          <reporter-output>
          </reporter-output>
        </test-method> <!-- clickOnMobile -->
        <test-method signature="vrifyCart()[pri:3, instance:com.test.AmazTest@56f0cc85]" started-at="2026-04-03T21:17:27 IST" name="vrifyCart" finished-at="2026-04-03T21:18:27 IST" depends-on-methods="com.test.AmazTest.clickOnMobile" duration-ms="60489" status="PASS">
          <reporter-output>
          </reporter-output>
        </test-method> <!-- vrifyCart -->
        <test-method signature="verifyTotalAmount()[pri:4, instance:com.test.AmazTest@56f0cc85]" started-at="2026-04-03T21:18:27 IST" name="verifyTotalAmount" finished-at="2026-04-03T21:19:11 IST" depends-on-methods="com.test.AmazTest.vrifyCart" duration-ms="43651" status="PASS">
          <reporter-output>
          </reporter-output>
        </test-method> <!-- verifyTotalAmount -->
        <test-method is-config="true" signature="tearDown()[pri:0, instance:com.test.AmazTest@56f0cc85]" started-at="2026-04-03T21:19:11 IST" name="tearDown" finished-at="2026-04-03T21:19:12 IST" duration-ms="657" status="PASS">
          <reporter-output>
          </reporter-output>
        </test-method> <!-- tearDown -->
      </class> <!-- com.test.AmazTest -->
    </test> <!-- Test -->
  </suite> <!-- Suite -->
</testng-results>
