<?xml version="1.0" encoding="UTF-8"?>
<!-- Generated by org.testng.reporters.JUnitReportReporter -->
<testsuite hostname="MacBook-Air.local" failures="0" tests="6" name="com.test.AmazTest" time="248.103" errors="0" timestamp="2026-04-03T21:19:12 IST" skipped="2">
  <testcase classname="com.test.AmazTest" name="serch_For_Mobiles" time="97.681"/>
  <testcase classname="com.test.AmazTest" name="clickOnMobile" time="46.282"/>
  <testcase classname="com.test.AmazTest" name="vrifyCart" time="60.489"/>
  <testcase classname="com.test.AmazTest" name="verifyTotalAmount" time="43.651"/>
  <testcase classname="com.test.AmazTest" name="skipTest">
    <skipped/>
  </testcase> <!-- skipTest -->
  <testcase classname="com.test.AmazTest" name="failTest">
    <skipped/>
  </testcase> <!-- failTest -->
</testsuite> <!-- com.test.AmazTest -->
